<?xml version="1.0" encoding="UTF-8"?>
<!-- Generated by org.testng.reporters.JUnitReportReporter -->
<testsuite hostname="DESKTOP-1SSOFLA" failures="0" tests="3" name="qtriptest.tests.testCase_04" time="141.047" errors="0" timestamp="2024-02-21T21:22:15 IST" skipped="0">
  <testcase classname="qtriptest.tests.testCase_04" name="TestCase04" time="47.615"/>
  <system-out/>
  <testcase classname="qtriptest.tests.testCase_04" name="TestCase04" time="46.503"/>
  <system-out/>
  <testcase classname="qtriptest.tests.testCase_04" name="TestCase04" time="46.929"/>
  <system-out/>
</testsuite> <!-- qtriptest.tests.testCase_04 -->
