<?xml version="1.0" encoding="UTF-8"?>
<!-- Generated by org.testng.reporters.JUnitReportReporter -->
<testsuite hostname="DESKTOP-1SSOFLA" failures="0" tests="3" name="qtriptest.tests.testCase_01" time="24.504" errors="0" timestamp="2024-03-11T09:37:47 IST" skipped="0">
  <testcase classname="qtriptest.tests.testCase_01" name="TestCase01" time="6.934"/>
  <system-out/>
  <testcase classname="qtriptest.tests.testCase_01" name="TestCase01" time="12.684"/>
  <system-out/>
  <testcase classname="qtriptest.tests.testCase_01" name="TestCase01" time="4.886"/>
  <system-out/>
</testsuite> <!-- qtriptest.tests.testCase_01 -->
