<?xml version="1.0" encoding="UTF-8"?>
<!-- Generated by org.testng.reporters.JUnitReportReporter -->
<testsuite hostname="DESKTOP-1SSOFLA" failures="0" tests="3" name="qtriptest.tests.testCase_02" time="8.932" errors="0" timestamp="2024-03-11T09:37:47 IST" skipped="0">
  <testcase classname="qtriptest.tests.testCase_02" name="TestCase02" time="2.602"/>
  <system-out/>
  <testcase classname="qtriptest.tests.testCase_02" name="TestCase02" time="3.565"/>
  <system-out/>
  <testcase classname="qtriptest.tests.testCase_02" name="TestCase02" time="2.765"/>
  <system-out/>
</testsuite> <!-- qtriptest.tests.testCase_02 -->
