<?xml version="1.0" encoding="UTF-8"?>
<!-- Generated by org.testng.reporters.JUnitReportReporter -->
<testsuite hostname="DESKTOP-1SSOFLA" failures="0" tests="3" name="qtriptest.tests.testCase_03" time="101.034" errors="0" timestamp="2024-03-11T09:37:47 IST" skipped="0">
  <testcase classname="qtriptest.tests.testCase_03" name="TestCase03" time="31.448"/>
  <system-out/>
  <testcase classname="qtriptest.tests.testCase_03" name="TestCase03" time="31.368"/>
  <system-out/>
  <testcase classname="qtriptest.tests.testCase_03" name="TestCase03" time="38.218"/>
  <system-out/>
</testsuite> <!-- qtriptest.tests.testCase_03 -->
