<?xml version="1.0" encoding="UTF-8"?>
<!-- Generated by org.testng.reporters.JUnitReportReporter -->
<testsuite hostname="DESKTOP-1SSOFLA" failures="0" tests="3" name="qtriptest.tests.testCase_03" time="115.310" errors="0" timestamp="2024-02-21T21:22:15 IST" skipped="0">
  <testcase classname="qtriptest.tests.testCase_03" name="TestCase03" time="38.854"/>
  <system-out/>
  <testcase classname="qtriptest.tests.testCase_03" name="TestCase03" time="37.556"/>
  <system-out/>
  <testcase classname="qtriptest.tests.testCase_03" name="TestCase03" time="38.900"/>
  <system-out/>
</testsuite> <!-- qtriptest.tests.testCase_03 -->
