<?xml version="1.0" encoding="UTF-8"?>
<!-- Generated by org.testng.reporters.JUnitReportReporter -->
<testsuite hostname="DESKTOP-1SSOFLA" failures="0" tests="1" name="qtriptest.APITests.testCase_API_01" time="5.455" errors="0" timestamp="2024-04-14T14:21:57 IST" skipped="0">
  <testcase classname="qtriptest.APITests.testCase_API_01" name="API_testCase01c_ValidLogin" time="5.455"/>
  <system-out/>
</testsuite> <!-- qtriptest.APITests.testCase_API_01 -->
