<?xml version="1.0" encoding="UTF-8"?>
<!-- Generated by org.testng.reporters.JUnitReportReporter -->
<testsuite hostname="DESKTOP-1SSOFLA" failures="0" tests="1" name="qtriptest.APITests.testCase_API_02" time="1.655" errors="0" timestamp="2024-04-14T14:21:57 IST" skipped="0">
  <testcase classname="qtriptest.APITests.testCase_API_02" name="API_testCase02_searchCities" time="1.655"/>
  <system-out/>
</testsuite> <!-- qtriptest.APITests.testCase_API_02 -->
