<?xml version="1.0" encoding="UTF-8"?>
<!-- Generated by org.testng.reporters.JUnitReportReporter -->
<testsuite hostname="DESKTOP-1SSOFLA" failures="0" tests="3" name="qtriptest.tests.testCase_03" time="110.041" errors="0" timestamp="2024-04-14T14:21:57 IST" skipped="0">
  <testcase classname="qtriptest.tests.testCase_03" name="UI_TestCase03" time="33.320"/>
  <system-out/>
  <testcase classname="qtriptest.tests.testCase_03" name="UI_TestCase03" time="38.466"/>
  <system-out/>
  <testcase classname="qtriptest.tests.testCase_03" name="UI_TestCase03" time="38.255"/>
  <system-out/>
</testsuite> <!-- qtriptest.tests.testCase_03 -->
