<?xml version="1.0" encoding="UTF-8"?>
<!-- Generated by org.testng.reporters.JUnitReportReporter -->
<testsuite hostname="DESKTOP-1SSOFLA" failures="0" tests="3" name="qtriptest.tests.testCase_02" time="14.505" errors="0" timestamp="2024-04-14T14:21:57 IST" skipped="0">
  <testcase classname="qtriptest.tests.testCase_02" name="UI_TestCase02" time="3.248"/>
  <system-out/>
  <testcase classname="qtriptest.tests.testCase_02" name="UI_TestCase02" time="8.841"/>
  <system-out/>
  <testcase classname="qtriptest.tests.testCase_02" name="UI_TestCase02" time="2.416"/>
  <system-out/>
</testsuite> <!-- qtriptest.tests.testCase_02 -->
