<?xml version="1.0" encoding="UTF-8"?>
<!-- Generated by org.testng.reporters.JUnitReportReporter -->
<testsuite hostname="DESKTOP-1SSOFLA" failures="0" tests="3" name="qtriptest.tests.testCase_02" time="14.375" errors="0" timestamp="2024-02-21T21:22:15 IST" skipped="0">
  <testcase classname="qtriptest.tests.testCase_02" name="TestCase02" time="2.711"/>
  <system-out/>
  <testcase classname="qtriptest.tests.testCase_02" name="TestCase02" time="8.882"/>
  <system-out/>
  <testcase classname="qtriptest.tests.testCase_02" name="TestCase02" time="2.782"/>
  <system-out/>
</testsuite> <!-- qtriptest.tests.testCase_02 -->
