<?xml version="1.0" encoding="UTF-8"?>
<!-- Generated by org.testng.reporters.JUnitReportReporter -->
<testsuite hostname="DESKTOP-1SSOFLA" failures="0" tests="3" name="qtriptest.tests.testCase_04" time="109.241" errors="0" timestamp="2024-04-14T13:17:33 IST" skipped="0">
  <testcase classname="qtriptest.tests.testCase_04" name="UI_TestCase04" time="39.758"/>
  <system-out/>
  <testcase classname="qtriptest.tests.testCase_04" name="UI_TestCase04" time="34.711"/>
  <system-out/>
  <testcase classname="qtriptest.tests.testCase_04" name="UI_TestCase04" time="34.772"/>
  <system-out/>
</testsuite> <!-- qtriptest.tests.testCase_04 -->
