<?xml version="1.0" encoding="UTF-8"?>
<!-- Generated by org.testng.reporters.JUnitReportReporter -->
<testsuite hostname="DESKTOP-1SSOFLA" failures="0" tests="3" name="qtriptest.tests.testCase_01" time="26.114" errors="0" timestamp="2024-04-14T13:17:33 IST" skipped="0">
  <testcase classname="qtriptest.tests.testCase_01" name="UI_TestCase01" time="6.440"/>
  <system-out/>
  <testcase classname="qtriptest.tests.testCase_01" name="UI_TestCase01" time="7.426"/>
  <system-out/>
  <testcase classname="qtriptest.tests.testCase_01" name="UI_TestCase01" time="12.248"/>
  <system-out/>
</testsuite> <!-- qtriptest.tests.testCase_01 -->
