<?xml version="1.0" encoding="UTF-8"?>
<!-- Generated by org.testng.reporters.JUnitReportReporter -->
<testsuite hostname="DESKTOP-1SSOFLA" failures="0" tests="1" name="qtriptest.tests.BaseTest" time="9.444" errors="1" timestamp="2024-02-21T20:40:56 IST" skipped="0">
  <testcase classname="qtriptest.tests.BaseTest" name="driverSetup" time="9.444">
    <error message="Cannot delete file: .\ScreenCaptures" type="java.io.IOException">
      <![CDATA[java.io.IOException: Cannot delete file: .\ScreenCaptures
at org.apache.commons.io.FileUtils.forceDelete(FileUtils.java:1340)
at qtriptest.tests.BaseTest.driverSetup(BaseTest.java:39)
at java.base/jdk.internal.reflect.DirectMethodHandleAccessor.invoke(DirectMethodHandleAccessor.java:103)
at java.base/java.lang.reflect.Method.invoke(Method.java:580)
at org.testng.internal.MethodInvocationHelper.invokeMethod(MethodInvocationHelper.java:133)
at org.testng.internal.MethodInvocationHelper.invokeMethodConsideringTimeout(MethodInvocationHelper.java:62)
at org.testng.internal.ConfigInvoker.invokeConfigurationMethod(ConfigInvoker.java:385)
at org.testng.internal.ConfigInvoker.invokeConfigurations(ConfigInvoker.java:321)
at org.testng.SuiteRunner.privateRun(SuiteRunner.java:317)
at org.testng.SuiteRunner.run(SuiteRunner.java:276)
at org.testng.SuiteRunnerWorker.runSuite(SuiteRunnerWorker.java:53)
at org.testng.SuiteRunnerWorker.run(SuiteRunnerWorker.java:96)
at org.testng.TestNG.runSuitesSequentially(TestNG.java:1212)
at org.testng.TestNG.runSuitesLocally(TestNG.java:1134)
at org.testng.TestNG.runSuites(TestNG.java:1063)
at org.testng.TestNG.run(TestNG.java:1031)
at org.testng.remote.AbstractRemoteTestNG.run(AbstractRemoteTestNG.java:115)
at org.testng.remote.RemoteTestNG.initAndRun(RemoteTestNG.java:251)
at org.testng.remote.RemoteTestNG.main(RemoteTestNG.java:77)
Caused by: java.io.IOException: DOS or POSIX file operations not available for '.\ScreenCaptures' []
at org.apache.commons.io.file.PathUtils.setReadOnly(PathUtils.java:1525)
at org.apache.commons.io.file.PathUtils.deleteFile(PathUtils.java:583)
at org.apache.commons.io.file.PathUtils.delete(PathUtils.java:476)
at org.apache.commons.io.FileUtils.forceDelete(FileUtils.java:1337)
... 18 more
]]>
    </error>
  </testcase> <!-- driverSetup -->
  <system-out/>
</testsuite> <!-- qtriptest.tests.BaseTest -->
