<?xml version="1.0" encoding="UTF-8"?>
<!-- Generated by org.testng.reporters.JUnitReportReporter -->
<testsuite hostname="DESKTOP-1SSOFLA" failures="0" tests="3" name="qtriptest.tests.testCase_04" time="102.606" errors="0" timestamp="2024-03-11T09:37:47 IST" skipped="0">
  <testcase classname="qtriptest.tests.testCase_04" name="TestCase04" time="27.342"/>
  <system-out/>
  <testcase classname="qtriptest.tests.testCase_04" name="TestCase04" time="41.075"/>
  <system-out/>
  <testcase classname="qtriptest.tests.testCase_04" name="TestCase04" time="34.189"/>
  <system-out/>
</testsuite> <!-- qtriptest.tests.testCase_04 -->
