<?xml version="1.0" encoding="UTF-8"?>
<!-- Generated by org.testng.reporters.JUnitReportReporter -->
<testsuite hostname="DESKTOP-1SSOFLA" failures="0" tests="3" name="qtriptest.tests.testCase_01" time="22.631" errors="0" timestamp="2024-02-21T21:22:15 IST" skipped="0">
  <testcase classname="qtriptest.tests.testCase_01" name="TestCase01" time="5.454"/>
  <system-out/>
  <testcase classname="qtriptest.tests.testCase_01" name="TestCase01" time="5.930"/>
  <system-out/>
  <testcase classname="qtriptest.tests.testCase_01" name="TestCase01" time="11.247"/>
  <system-out/>
</testsuite> <!-- qtriptest.tests.testCase_01 -->
