<?xml version="1.0" encoding="UTF-8"?>
<!-- Generated by org.testng.reporters.JUnitReportReporter -->
<testsuite hostname="DESKTOP-1SSOFLA" failures="0" tests="3" name="qtriptest.tests.testCase_02" time="8.946" errors="0" timestamp="2024-04-14T13:17:33 IST" skipped="0">
  <testcase classname="qtriptest.tests.testCase_02" name="UI_TestCase02" time="2.774"/>
  <system-out/>
  <testcase classname="qtriptest.tests.testCase_02" name="UI_TestCase02" time="3.046"/>
  <system-out/>
  <testcase classname="qtriptest.tests.testCase_02" name="UI_TestCase02" time="3.126"/>
  <system-out/>
</testsuite> <!-- qtriptest.tests.testCase_02 -->
