<?xml version="1.0" encoding="UTF-8"?>
<!-- Generated by org.testng.reporters.JUnitReportReporter -->
<testsuite hostname="DESKTOP-1SSOFLA" failures="0" tests="3" name="qtriptest.tests.testCase_03" time="102.370" errors="0" timestamp="2024-04-14T13:17:33 IST" skipped="0">
  <testcase classname="qtriptest.tests.testCase_03" name="UI_TestCase03" time="37.298"/>
  <system-out/>
  <testcase classname="qtriptest.tests.testCase_03" name="UI_TestCase03" time="33.076"/>
  <system-out/>
  <testcase classname="qtriptest.tests.testCase_03" name="UI_TestCase03" time="31.996"/>
  <system-out/>
</testsuite> <!-- qtriptest.tests.testCase_03 -->
