<?xml version="1.0" encoding="UTF-8"?>
<!-- Generated by org.testng.reporters.JUnitReportReporter -->
<testsuite hostname="DESKTOP-1SSOFLA" failures="0" tests="3" name="qtriptest.tests.testCase_01" time="26.183" errors="0" timestamp="2024-04-14T14:21:57 IST" skipped="0">
  <testcase classname="qtriptest.tests.testCase_01" name="UI_TestCase01" time="6.151"/>
  <system-out/>
  <testcase classname="qtriptest.tests.testCase_01" name="UI_TestCase01" time="14.327"/>
  <system-out/>
  <testcase classname="qtriptest.tests.testCase_01" name="UI_TestCase01" time="5.705"/>
  <system-out/>
</testsuite> <!-- qtriptest.tests.testCase_01 -->
